<?xml version="1.0" encoding="UTF-8"?>
<testsuite xmlns:xsi="http://www.w3.org/2001/XMLSchema-instance" xsi:noNamespaceSchemaLocation="https://maven.apache.org/surefire/maven-surefire-plugin/xsd/surefire-test-report-3.0.xsd" version="3.0" name="com.triphub.TriphubApplicationTests" time="71.943" tests="1" errors="0" skipped="0" failures="0">
  <properties>
[...]
</properties>
  <testcase name="contextLoads" classname="com.triphub.TriphubApplicationTests" time="2.041">
    <system-out><![CDATA[23:07:27.026 [main] INFO org.springframework.test.context.support.AnnotationConfigContextLoaderUtils -- Could not detect default configuration classes for test class [com.triphub.TriphubApplicationTests]: TriphubApplicationTests does not declare any static, non-private, non-final, nested classes annotated with @Configuration.
23:07:27.636 [main] INFO org.springframework.boot.test.context.SpringBootTestContextBootstrapper -- Found @SpringBootConfiguration com.triphub.TriphubApplication for test class com.triphub.TriphubApplicationTests
23:07:28.383 [main] INFO org.springframework.boot.devtools.restart.RestartApplicationListener -- Restart disabled due to context in which it is running

  .   ____          _            __ _ _
 /\\ / ___'_ __ _ _(_)_ __  __ _ \ \ \ \
( ( )\___ | '_ | '_| | '_ \/ _` | \ \ \ \
 \\/  ___)| |_)| | | | | || (_| |  ) ) ) )
  '  |____| .__|_| |_|_| |_\__, | / / / /
 =========|_|==============|___/=/_/_/_/

 :: Spring Boot ::                (v3.3.2)

2024-09-03T23:07:29.542+06:30  INFO 12516 --- [triphub] [           main] com.triphub.TriphubApplicationTests      : Starting TriphubApplicationTests using Java 19.0.2 with PID 12516 (started by MinHtin in E:\triphub\triphub)
2024-09-03T23:07:29.561+06:30  INFO 12516 --- [triphub] [           main] com.triphub.TriphubApplicationTests      : No active profile set, falling back to 1 default profile: "default"
2024-09-03T23:07:36.289+06:30  INFO 12516 --- [triphub] [           main] .s.d.r.c.RepositoryConfigurationDelegate : Multiple Spring Data modules found, entering strict repository configuration mode
2024-09-03T23:07:36.293+06:30  INFO 12516 --- [triphub] [           main] .s.d.r.c.RepositoryConfigurationDelegate : Bootstrapping Spring Data JDBC repositories in DEFAULT mode.
2024-09-03T23:07:36.445+06:30  INFO 12516 --- [triphub] [           main] .RepositoryConfigurationExtensionSupport : Spring Data JDBC - Could not safely identify store assignment for repository candidate interface com.triphub.services.BusRepository; If you want this repository to be a JDBC repository, consider annotating your entities with one of these annotations: org.springframework.data.relational.core.mapping.Table.
2024-09-03T23:07:36.455+06:30  INFO 12516 --- [triphub] [           main] .RepositoryConfigurationExtensionSupport : Spring Data JDBC - Could not safely identify store assignment for repository candidate interface com.triphub.services.FeedbackRepository; If you want this repository to be a JDBC repository, consider annotating your entities with one of these annotations: org.springframework.data.relational.core.mapping.Table.
2024-09-03T23:07:36.461+06:30  INFO 12516 --- [triphub] [           main] .RepositoryConfigurationExtensionSupport : Spring Data JDBC - Could not safely identify store assignment for repository candidate interface com.triphub.services.PassengerRepository; If you want this repository to be a JDBC repository, consider annotating your entities with one of these annotations: org.springframework.data.relational.core.mapping.Table.
2024-09-03T23:07:36.467+06:30  INFO 12516 --- [triphub] [           main] .RepositoryConfigurationExtensionSupport : Spring Data JDBC - Could not safely identify store assignment for repository candidate interface com.triphub.services.ProductRepository; If you want this repository to be a JDBC repository, consider annotating your entities with one of these annotations: org.springframework.data.relational.core.mapping.Table.
2024-09-03T23:07:36.469+06:30  INFO 12516 --- [triphub] [           main] .s.d.r.c.RepositoryConfigurationDelegate : Finished Spring Data repository scanning in 132 ms. Found 0 JDBC repository interfaces.
2024-09-03T23:07:36.582+06:30  INFO 12516 --- [triphub] [           main] .s.d.r.c.RepositoryConfigurationDelegate : Multiple Spring Data modules found, entering strict repository configuration mode
2024-09-03T23:07:36.586+06:30  INFO 12516 --- [triphub] [           main] .s.d.r.c.RepositoryConfigurationDelegate : Bootstrapping Spring Data JPA repositories in DEFAULT mode.
2024-09-03T23:07:36.748+06:30  INFO 12516 --- [triphub] [           main] .s.d.r.c.RepositoryConfigurationDelegate : Finished Spring Data repository scanning in 148 ms. Found 4 JPA repository interfaces.
2024-09-03T23:07:41.932+06:30  INFO 12516 --- [triphub] [           main] o.hibernate.jpa.internal.util.LogHelper  : HHH000204: Processing PersistenceUnitInfo [name: default]
2024-09-03T23:07:42.419+06:30  INFO 12516 --- [triphub] [           main] org.hibernate.Version                    : HHH000412: Hibernate ORM core version 6.5.2.Final
2024-09-03T23:07:42.667+06:30  INFO 12516 --- [triphub] [           main] o.h.c.internal.RegionFactoryInitiator    : HHH000026: Second-level cache disabled
2024-09-03T23:07:44.605+06:30  INFO 12516 --- [triphub] [           main] o.s.o.j.p.SpringPersistenceUnitInfo      : No LoadTimeWeaver setup: ignoring JPA class transformer
2024-09-03T23:07:44.879+06:30  INFO 12516 --- [triphub] [           main] com.zaxxer.hikari.HikariDataSource       : HikariPool-1 - Starting...
2024-09-03T23:07:50.765+06:30  INFO 12516 --- [triphub] [           main] com.zaxxer.hikari.pool.HikariPool        : HikariPool-1 - Added connection org.postgresql.jdbc.PgConnection@16944b58
2024-09-03T23:07:50.770+06:30  INFO 12516 --- [triphub] [           main] com.zaxxer.hikari.HikariDataSource       : HikariPool-1 - Start completed.
2024-09-03T23:07:51.186+06:30  WARN 12516 --- [triphub] [           main] org.hibernate.orm.deprecation            : HHH90000025: PostgreSQLDialect does not need to be specified explicitly using 'hibernate.dialect' (remove the property setting and it will be selected by default)
2024-09-03T23:07:51.901+06:30 DEBUG 12516 --- [triphub] [           main] o.h.t.d.sql.spi.DdlTypeRegistry          : addDescriptor(2003, org.hibernate.type.descriptor.sql.internal.ArrayDdlTypeImpl@432f4626) replaced previous registration(org.hibernate.type.descriptor.sql.internal.ArrayDdlTypeImpl@297c3a43)
2024-09-03T23:07:51.901+06:30 DEBUG 12516 --- [triphub] [           main] o.h.t.d.sql.spi.DdlTypeRegistry          : addDescriptor(6, org.hibernate.type.descriptor.sql.internal.CapacityDependentDdlType@4c79ca55) replaced previous registration(org.hibernate.type.descriptor.sql.internal.DdlTypeImpl@3a63d248)
2024-09-03T23:07:54.345+06:30  WARN 12516 --- [triphub] [           main] org.hibernate.mapping.RootClass          : HHH000038: Composite-id class does not override equals(): com.triphub.model.AdminId
2024-09-03T23:07:54.346+06:30  WARN 12516 --- [triphub] [           main] org.hibernate.mapping.RootClass          : HHH000039: Composite-id class does not override hashCode(): com.triphub.model.AdminId
2024-09-03T23:07:58.941+06:30  INFO 12516 --- [triphub] [           main] o.h.e.t.j.p.i.JtaPlatformInitiator       : HHH000489: No JTA platform available (set 'hibernate.transaction.jta.platform' to enable JTA platform integration)
2024-09-03T23:08:25.311+06:30  INFO 12516 --- [triphub] [           main] j.LocalContainerEntityManagerFactoryBean : Initialized JPA EntityManagerFactory for persistence unit 'default'
2024-09-03T23:08:29.090+06:30  WARN 12516 --- [triphub] [           main] JpaBaseConfiguration$JpaWebConfiguration : spring.jpa.open-in-view is enabled by default. Therefore, database queries may be performed during view rendering. Explicitly configure spring.jpa.open-in-view to disable this warning
2024-09-03T23:08:34.759+06:30  INFO 12516 --- [triphub] [           main] o.s.b.a.e.web.EndpointLinksResolver      : Exposing 1 endpoint beneath base path '/actuator'
2024-09-03T23:08:35.220+06:30  INFO 12516 --- [triphub] [           main] com.triphub.TriphubApplicationTests      : Started TriphubApplicationTests in 66.905 seconds (process running for 71.901)
]]></system-out>
  </testcase>
</testsuite>